mode: set
github.com/mihaichiorean/monidog/model/bucket.go:12.36,14.9 2 1
github.com/mihaichiorean/monidog/model/bucket.go:18.2,20.10 3 1
github.com/mihaichiorean/monidog/model/bucket.go:14.9,17.3 2 0
github.com/mihaichiorean/monidog/model/bucket.go:24.44,26.31 2 0
github.com/mihaichiorean/monidog/model/bucket.go:29.2,29.10 1 0
github.com/mihaichiorean/monidog/model/bucket.go:26.31,28.3 1 0
github.com/mihaichiorean/monidog/model/reporter.go:21.67,28.2 3 1
github.com/mihaichiorean/monidog/model/reporter.go:30.39,34.30 3 1
github.com/mihaichiorean/monidog/model/reporter.go:34.30,35.35 1 1
github.com/mihaichiorean/monidog/model/reporter.go:35.35,36.57 1 1
github.com/mihaichiorean/monidog/model/reporter.go:36.57,38.10 2 1
github.com/mihaichiorean/monidog/model/reporter.go:44.59,48.30 4 1
github.com/mihaichiorean/monidog/model/reporter.go:56.2,63.10 3 1
github.com/mihaichiorean/monidog/model/reporter.go:48.30,50.23 2 1
github.com/mihaichiorean/monidog/model/reporter.go:50.23,52.4 1 1
github.com/mihaichiorean/monidog/model/reporter.go:66.45,68.16 2 1
github.com/mihaichiorean/monidog/model/reporter.go:73.2,74.21 2 1
github.com/mihaichiorean/monidog/model/reporter.go:79.2,80.11 2 1
github.com/mihaichiorean/monidog/model/reporter.go:83.2,83.17 1 1
github.com/mihaichiorean/monidog/model/reporter.go:68.16,70.3 1 0
github.com/mihaichiorean/monidog/model/reporter.go:74.21,76.3 1 1
github.com/mihaichiorean/monidog/model/reporter.go:80.11,82.3 1 1
github.com/mihaichiorean/monidog/model/reporter.go:86.47,88.30 2 0
github.com/mihaichiorean/monidog/model/reporter.go:97.2,99.27 3 0
github.com/mihaichiorean/monidog/model/reporter.go:106.2,106.21 1 0
github.com/mihaichiorean/monidog/model/reporter.go:88.30,90.23 2 0
github.com/mihaichiorean/monidog/model/reporter.go:90.23,91.31 1 0
github.com/mihaichiorean/monidog/model/reporter.go:94.4,94.18 1 0
github.com/mihaichiorean/monidog/model/reporter.go:91.31,93.5 1 0
github.com/mihaichiorean/monidog/model/reporter.go:99.27,100.14 1 0
github.com/mihaichiorean/monidog/model/reporter.go:100.14,103.4 2 0
github.com/mihaichiorean/monidog/model/reporter.go:110.51,112.16 2 1
github.com/mihaichiorean/monidog/model/reporter.go:115.2,116.12 2 1
github.com/mihaichiorean/monidog/model/reporter.go:112.16,114.3 1 0
github.com/mihaichiorean/monidog/model/reporter.go:119.41,124.2 0 0
