mode: set
github.com/mihaichiorean/monidog/monitor/scanner.go:36.75,43.2 2 0
github.com/mihaichiorean/monidog/monitor/scanner.go:46.47,49.2 2 0
github.com/mihaichiorean/monidog/monitor/scanner.go:52.30,53.33 1 0
github.com/mihaichiorean/monidog/monitor/scanner.go:53.33,55.3 1 0
github.com/mihaichiorean/monidog/monitor/scanner.go:58.65,60.16 2 0
github.com/mihaichiorean/monidog/monitor/scanner.go:63.2,63.17 1 0
github.com/mihaichiorean/monidog/monitor/scanner.go:60.16,62.3 1 0
github.com/mihaichiorean/monidog/monitor/scanner.go:66.54,67.33 1 0
github.com/mihaichiorean/monidog/monitor/scanner.go:67.33,69.3 1 0
github.com/mihaichiorean/monidog/monitor/scanner.go:74.62,76.16 2 0
github.com/mihaichiorean/monidog/monitor/scanner.go:80.2,81.19 2 0
github.com/mihaichiorean/monidog/monitor/scanner.go:86.2,86.47 1 0
github.com/mihaichiorean/monidog/monitor/scanner.go:108.2,108.12 1 0
github.com/mihaichiorean/monidog/monitor/scanner.go:164.2,164.20 1 0
github.com/mihaichiorean/monidog/monitor/scanner.go:76.16,78.3 1 0
github.com/mihaichiorean/monidog/monitor/scanner.go:81.19,83.3 1 0
github.com/mihaichiorean/monidog/monitor/scanner.go:86.47,89.13 3 0
github.com/mihaichiorean/monidog/monitor/scanner.go:89.13,90.23 1 0
github.com/mihaichiorean/monidog/monitor/scanner.go:100.4,100.40 1 0
github.com/mihaichiorean/monidog/monitor/scanner.go:105.4,105.13 1 0
github.com/mihaichiorean/monidog/monitor/scanner.go:90.23,94.19 3 0
github.com/mihaichiorean/monidog/monitor/scanner.go:98.5,98.26 1 0
github.com/mihaichiorean/monidog/monitor/scanner.go:94.19,96.11 1 0
github.com/mihaichiorean/monidog/monitor/scanner.go:100.41,104.5 0 0
github.com/mihaichiorean/monidog/monitor/scanner.go:108.12,111.17 3 0
github.com/mihaichiorean/monidog/monitor/scanner.go:119.3,120.7 2 0
github.com/mihaichiorean/monidog/monitor/scanner.go:111.17,113.14 1 0
github.com/mihaichiorean/monidog/monitor/scanner.go:116.4,116.10 1 0
github.com/mihaichiorean/monidog/monitor/scanner.go:120.7,121.11 1 0
github.com/mihaichiorean/monidog/monitor/scanner.go:122.15,124.19 2 0
github.com/mihaichiorean/monidog/monitor/scanner.go:128.5,129.19 2 0
github.com/mihaichiorean/monidog/monitor/scanner.go:133.5,133.33 1 0
github.com/mihaichiorean/monidog/monitor/scanner.go:139.5,139.32 1 0
github.com/mihaichiorean/monidog/monitor/scanner.go:145.5,145.32 1 0
github.com/mihaichiorean/monidog/monitor/scanner.go:151.5,152.14 2 0
github.com/mihaichiorean/monidog/monitor/scanner.go:154.16,159.11 2 0
github.com/mihaichiorean/monidog/monitor/scanner.go:160.12,160.12 0 0
github.com/mihaichiorean/monidog/monitor/scanner.go:124.19,126.16 1 0
github.com/mihaichiorean/monidog/monitor/scanner.go:129.19,131.16 1 0
github.com/mihaichiorean/monidog/monitor/scanner.go:133.33,135.11 2 0
github.com/mihaichiorean/monidog/monitor/scanner.go:139.32,142.6 2 0
github.com/mihaichiorean/monidog/monitor/scanner.go:145.32,148.6 2 0
github.com/mihaichiorean/monidog/model/bucket.go:12.36,14.9 2 1
github.com/mihaichiorean/monidog/model/bucket.go:18.2,20.10 3 1
github.com/mihaichiorean/monidog/model/bucket.go:14.9,17.3 2 1
github.com/mihaichiorean/monidog/model/bucket.go:24.44,26.31 2 1
github.com/mihaichiorean/monidog/model/bucket.go:29.2,29.10 1 1
github.com/mihaichiorean/monidog/model/bucket.go:26.31,28.3 1 1
github.com/mihaichiorean/monidog/model/reporter.go:26.67,36.2 3 1
github.com/mihaichiorean/monidog/model/reporter.go:39.46,41.2 1 0
github.com/mihaichiorean/monidog/model/reporter.go:44.39,48.30 3 1
github.com/mihaichiorean/monidog/model/reporter.go:48.30,49.35 1 1
github.com/mihaichiorean/monidog/model/reporter.go:49.35,50.57 1 1
github.com/mihaichiorean/monidog/model/reporter.go:50.57,52.10 2 1
github.com/mihaichiorean/monidog/model/reporter.go:59.59,61.23 2 1
github.com/mihaichiorean/monidog/model/reporter.go:65.2,68.30 4 1
github.com/mihaichiorean/monidog/model/reporter.go:76.2,83.10 3 1
github.com/mihaichiorean/monidog/model/reporter.go:61.23,64.3 1 1
github.com/mihaichiorean/monidog/model/reporter.go:68.30,70.23 2 1
github.com/mihaichiorean/monidog/model/reporter.go:70.23,72.4 1 1
github.com/mihaichiorean/monidog/model/reporter.go:87.45,89.16 2 1
github.com/mihaichiorean/monidog/model/reporter.go:94.2,95.21 2 1
github.com/mihaichiorean/monidog/model/reporter.go:100.2,101.11 2 1
github.com/mihaichiorean/monidog/model/reporter.go:104.2,104.17 1 1
github.com/mihaichiorean/monidog/model/reporter.go:89.16,91.3 1 0
github.com/mihaichiorean/monidog/model/reporter.go:95.21,97.3 1 1
github.com/mihaichiorean/monidog/model/reporter.go:101.11,103.3 1 1
github.com/mihaichiorean/monidog/model/reporter.go:108.50,110.30 2 1
github.com/mihaichiorean/monidog/model/reporter.go:119.2,119.15 1 1
github.com/mihaichiorean/monidog/model/reporter.go:110.30,112.23 2 1
github.com/mihaichiorean/monidog/model/reporter.go:112.23,113.31 1 1
github.com/mihaichiorean/monidog/model/reporter.go:116.4,116.18 1 1
github.com/mihaichiorean/monidog/model/reporter.go:113.31,115.5 1 1
github.com/mihaichiorean/monidog/model/reporter.go:123.47,127.27 4 1
github.com/mihaichiorean/monidog/model/reporter.go:134.2,134.21 1 1
github.com/mihaichiorean/monidog/model/reporter.go:127.27,128.14 1 1
github.com/mihaichiorean/monidog/model/reporter.go:128.14,131.4 2 1
github.com/mihaichiorean/monidog/model/reporter.go:137.42,139.16 2 1
github.com/mihaichiorean/monidog/model/reporter.go:142.2,143.12 2 1
github.com/mihaichiorean/monidog/model/reporter.go:139.16,141.3 1 0
github.com/mihaichiorean/monidog/model/reporter.go:147.35,149.19 2 0
github.com/mihaichiorean/monidog/model/reporter.go:152.2,152.12 1 0
github.com/mihaichiorean/monidog/model/reporter.go:167.2,167.15 1 0
github.com/mihaichiorean/monidog/model/reporter.go:149.19,151.3 1 0
github.com/mihaichiorean/monidog/model/reporter.go:152.12,154.7 2 0
github.com/mihaichiorean/monidog/model/reporter.go:154.7,155.11 1 0
github.com/mihaichiorean/monidog/model/reporter.go:156.23,158.13 2 0
github.com/mihaichiorean/monidog/model/reporter.go:159.15,160.26 1 0
github.com/mihaichiorean/monidog/model/reporter.go:161.16,162.11 1 0
github.com/mihaichiorean/monidog/model/reporter.go:163.12,163.12 0 0
github.com/mihaichiorean/monidog/model/reporter.go:171.40,175.22 4 0
github.com/mihaichiorean/monidog/model/reporter.go:181.2,182.51 2 0
github.com/mihaichiorean/monidog/model/reporter.go:175.22,180.3 2 0
